<?xml version="1.0" encoding="UTF-8"?>
<testng-results ignored="0" total="12" passed="11" failed="1" skipped="0">
  <reporter-output>
  </reporter-output>
  <suite started-at="2025-03-17T00:16:00 IST" name="Suite" finished-at="2025-03-17T00:16:00 IST" duration-ms="275">
    <groups>
      <group name="smoke">
        <method signature="testThree.carLoanApiLogin()[pri:0, instance:Test.testThree@206a70ef]" name="carLoanApiLogin" class="Test.testThree"/>
        <method signature="testTwo.groupTest()[pri:0, instance:Test.testTwo@4135c3b]" name="groupTest" class="Test.testTwo"/>
        <method signature="testOne.test()[pri:0, instance:Test.testOne@35d019a3]" name="test" class="Test.testOne"/>
      </group> <!-- smoke -->
    </groups>
    <test started-at="2025-03-17T00:16:00 IST" name="Car Loan" finished-at="2025-03-17T00:16:00 IST" duration-ms="144">
      <class name="Test.testThree">
        <test-method is-config="true" signature="prerequisite()[pri:0, instance:Test.testThree@206a70ef]" started-at="2025-03-17T00:16:00 IST" name="prerequisite" finished-at="2025-03-17T00:16:00 IST" duration-ms="1" status="PASS">
          <reporter-output>
          </reporter-output>
        </test-method> <!-- prerequisite -->
        <test-method is-config="true" signature="beforeClass()[pri:0, instance:Test.testThree@206a70ef]" started-at="2025-03-17T00:16:00 IST" name="beforeClass" finished-at="2025-03-17T00:16:00 IST" duration-ms="1" status="PASS">
          <reporter-output>
          </reporter-output>
        </test-method> <!-- beforeClass -->
        <test-method is-config="true" signature="beforeMethod()[pri:0, instance:Test.testThree@206a70ef]" started-at="2025-03-17T00:16:00 IST" name="beforeMethod" finished-at="2025-03-17T00:16:00 IST" duration-ms="1" status="PASS">
          <reporter-output>
          </reporter-output>
        </test-method> <!-- beforeMethod -->
        <test-method signature="carLoanApiLogin()[pri:0, instance:Test.testThree@206a70ef]" started-at="2025-03-17T00:16:00 IST" name="carLoanApiLogin" finished-at="2025-03-17T00:16:00 IST" duration-ms="5" status="PASS">
          <reporter-output>
          </reporter-output>
        </test-method> <!-- carLoanApiLogin -->
        <test-method is-config="true" signature="afterMethod()[pri:0, instance:Test.testThree@206a70ef]" started-at="2025-03-17T00:16:00 IST" name="afterMethod" finished-at="2025-03-17T00:16:00 IST" duration-ms="1" status="PASS">
          <reporter-output>
          </reporter-output>
        </test-method> <!-- afterMethod -->
        <test-method signature="carLoanMobileLogin()[pri:0, instance:Test.testThree@206a70ef]" started-at="2025-03-17T00:16:00 IST" name="carLoanMobileLogin" finished-at="2025-03-17T00:16:00 IST" duration-ms="1" status="PASS">
          <reporter-output>
          </reporter-output>
        </test-method> <!-- carLoanMobileLogin -->
        <test-method is-config="true" signature="beforeMethod()[pri:0, instance:Test.testThree@206a70ef]" started-at="2025-03-17T00:16:00 IST" name="beforeMethod" finished-at="2025-03-17T00:16:00 IST" duration-ms="0" status="PASS">
          <reporter-output>
          </reporter-output>
        </test-method> <!-- beforeMethod -->
        <test-method is-config="true" signature="afterMethod()[pri:0, instance:Test.testThree@206a70ef]" started-at="2025-03-17T00:16:00 IST" name="afterMethod" finished-at="2025-03-17T00:16:00 IST" duration-ms="1" status="PASS">
          <reporter-output>
          </reporter-output>
        </test-method> <!-- afterMethod -->
        <test-method is-config="true" signature="beforeMethod()[pri:0, instance:Test.testThree@206a70ef]" started-at="2025-03-17T00:16:00 IST" name="beforeMethod" finished-at="2025-03-17T00:16:00 IST" duration-ms="1" status="PASS">
          <reporter-output>
          </reporter-output>
        </test-method> <!-- beforeMethod -->
        <test-method signature="carLoanWebLogin()[pri:0, instance:Test.testThree@206a70ef]" started-at="2025-03-17T00:16:00 IST" name="carLoanWebLogin" finished-at="2025-03-17T00:16:00 IST" duration-ms="2" status="PASS">
          <reporter-output>
          </reporter-output>
        </test-method> <!-- carLoanWebLogin -->
        <test-method is-config="true" signature="afterMethod()[pri:0, instance:Test.testThree@206a70ef]" started-at="2025-03-17T00:16:00 IST" name="afterMethod" finished-at="2025-03-17T00:16:00 IST" duration-ms="1" status="PASS">
          <reporter-output>
          </reporter-output>
        </test-method> <!-- afterMethod -->
        <test-method is-config="true" signature="afterClass()[pri:0, instance:Test.testThree@206a70ef]" started-at="2025-03-17T00:16:00 IST" name="afterClass" finished-at="2025-03-17T00:16:00 IST" duration-ms="1" status="PASS">
          <reporter-output>
          </reporter-output>
        </test-method> <!-- afterClass -->
        <test-method is-config="true" signature="endExecution()[pri:0, instance:Test.testThree@206a70ef]" started-at="2025-03-17T00:16:00 IST" name="endExecution" finished-at="2025-03-17T00:16:00 IST" duration-ms="1" status="PASS">
          <reporter-output>
          </reporter-output>
        </test-method> <!-- endExecution -->
      </class> <!-- Test.testThree -->
      <class name="Test.testOne">
        <test-method signature="test()[pri:0, instance:Test.testOne@35d019a3]" started-at="2025-03-17T00:16:00 IST" name="test" finished-at="2025-03-17T00:16:00 IST" duration-ms="21" status="FAIL">
          <exception class="java.lang.AssertionError">
            <message>
              <![CDATA[expected [true] but found [false]]]>
            </message>
            <full-stacktrace>
              <![CDATA[java.lang.AssertionError: expected [true] but found [false]
at org.testng.Assert.fail(Assert.java:111)
at org.testng.Assert.failNotEquals(Assert.java:1590)
at org.testng.Assert.assertTrue(Assert.java:57)
at org.testng.Assert.assertTrue(Assert.java:67)
at Test.testOne.test(testOne.java:10)
at java.base/jdk.internal.reflect.DirectMethodHandleAccessor.invoke(DirectMethodHandleAccessor.java:103)
at java.base/java.lang.reflect.Method.invoke(Method.java:580)
at org.testng.internal.invokers.MethodInvocationHelper.invokeMethod(MethodInvocationHelper.java:141)
at org.testng.internal.invokers.TestInvoker.invokeMethod(TestInvoker.java:687)
at org.testng.internal.invokers.TestInvoker.invokeTestMethod(TestInvoker.java:230)
at org.testng.internal.invokers.MethodRunner.runInSequence(MethodRunner.java:63)
at org.testng.internal.invokers.TestInvoker$MethodInvocationAgent.invoke(TestInvoker.java:995)
at org.testng.internal.invokers.TestInvoker.invokeTestMethods(TestInvoker.java:203)
at org.testng.internal.invokers.TestMethodWorker.invokeTestMethods(TestMethodWorker.java:154)
at org.testng.internal.invokers.TestMethodWorker.run(TestMethodWorker.java:134)
at java.base/java.util.ArrayList.forEach(ArrayList.java:1596)
at org.testng.TestRunner.privateRun(TestRunner.java:741)
at org.testng.TestRunner.run(TestRunner.java:616)
at org.testng.SuiteRunner.runTest(SuiteRunner.java:421)
at org.testng.SuiteRunner.runSequentially(SuiteRunner.java:413)
at org.testng.SuiteRunner.privateRun(SuiteRunner.java:373)
at org.testng.SuiteRunner.run(SuiteRunner.java:312)
at org.testng.SuiteRunnerWorker.runSuite(SuiteRunnerWorker.java:52)
at org.testng.SuiteRunnerWorker.run(SuiteRunnerWorker.java:95)
at org.testng.TestNG.runSuitesSequentially(TestNG.java:1274)
at org.testng.TestNG.runSuitesLocally(TestNG.java:1208)
at org.testng.TestNG.runSuites(TestNG.java:1112)
at org.testng.TestNG.run(TestNG.java:1079)
at org.testng.remote.AbstractRemoteTestNG.run(AbstractRemoteTestNG.java:115)
at org.testng.remote.RemoteTestNG.initAndRun(RemoteTestNG.java:293)
at org.testng.remote.RemoteTestNG.main(RemoteTestNG.java:91)
]]>
            </full-stacktrace>
          </exception> <!-- java.lang.AssertionError -->
          <reporter-output>
          </reporter-output>
        </test-method> <!-- test -->
      </class> <!-- Test.testOne -->
      <class name="Test.testTwo">
        <test-method signature="carLoan(java.lang.String,java.lang.String)[pri:0, instance:Test.testTwo@4135c3b]" started-at="2025-03-17T00:16:00 IST" name="carLoan" data-provider="getData" finished-at="2025-03-17T00:16:00 IST" duration-ms="5" status="PASS">
          <params>
            <param index="0">
              <value>
                <![CDATA[un1]]>
              </value>
            </param>
            <param index="1">
              <value>
                <![CDATA[pwd1]]>
              </value>
            </param>
          </params>
          <reporter-output>
          </reporter-output>
        </test-method> <!-- carLoan -->
        <test-method signature="carLoan(java.lang.String,java.lang.String)[pri:0, instance:Test.testTwo@4135c3b]" started-at="2025-03-17T00:16:00 IST" name="carLoan" data-provider="getData" finished-at="2025-03-17T00:16:00 IST" duration-ms="1" status="PASS">
          <params>
            <param index="0">
              <value>
                <![CDATA[un2]]>
              </value>
            </param>
            <param index="1">
              <value>
                <![CDATA[pwd2]]>
              </value>
            </param>
          </params>
          <reporter-output>
          </reporter-output>
        </test-method> <!-- carLoan -->
        <test-method signature="carLoan(java.lang.String,java.lang.String)[pri:0, instance:Test.testTwo@4135c3b]" started-at="2025-03-17T00:16:00 IST" name="carLoan" data-provider="getData" finished-at="2025-03-17T00:16:00 IST" duration-ms="1" status="PASS">
          <params>
            <param index="0">
              <value>
                <![CDATA[un3]]>
              </value>
            </param>
            <param index="1">
              <value>
                <![CDATA[pwd3]]>
              </value>
            </param>
          </params>
          <reporter-output>
          </reporter-output>
        </test-method> <!-- carLoan -->
        <test-method signature="groupTest()[pri:0, instance:Test.testTwo@4135c3b]" started-at="2025-03-17T00:16:00 IST" name="groupTest" finished-at="2025-03-17T00:16:00 IST" duration-ms="2" status="PASS">
          <reporter-output>
          </reporter-output>
        </test-method> <!-- groupTest -->
        <test-method signature="adependentTest()[pri:0, instance:Test.testTwo@4135c3b]" started-at="2025-03-17T00:16:00 IST" name="adependentTest" finished-at="2025-03-17T00:16:00 IST" depends-on-methods="Test.testTwo.carLoan" duration-ms="2" status="PASS">
          <reporter-output>
          </reporter-output>
        </test-method> <!-- adependentTest -->
      </class> <!-- Test.testTwo -->
    </test> <!-- Car Loan -->
    <test started-at="2025-03-17T00:16:00 IST" name="Home Loan" finished-at="2025-03-17T00:16:00 IST" duration-ms="18">
      <class name="Test.testThree">
        <test-method is-config="true" signature="loadEnvironment()[pri:0, instance:Test.testThree@206a70ef]" started-at="2025-03-17T00:16:00 IST" name="loadEnvironment" finished-at="2025-03-17T00:16:00 IST" duration-ms="22" status="PASS">
          <reporter-output>
          </reporter-output>
        </test-method> <!-- loadEnvironment -->
        <test-method is-config="true" signature="endEnvironmennt()[pri:0, instance:Test.testThree@206a70ef]" started-at="2025-03-17T00:16:00 IST" name="endEnvironmennt" finished-at="2025-03-17T00:16:00 IST" duration-ms="1" status="PASS">
          <reporter-output>
          </reporter-output>
        </test-method> <!-- endEnvironmennt -->
      </class> <!-- Test.testThree -->
      <class name="Test.testFour">
        <test-method signature="homeLoanApiLogin()[pri:0, instance:Test.testFour@45c7e403]" started-at="2025-03-17T00:16:00 IST" name="homeLoanApiLogin" finished-at="2025-03-17T00:16:00 IST" duration-ms="2" status="PASS">
          <reporter-output>
          </reporter-output>
        </test-method> <!-- homeLoanApiLogin -->
        <test-method signature="homeLoanMobileLogin()[pri:0, instance:Test.testFour@45c7e403]" started-at="2025-03-17T00:16:00 IST" name="homeLoanMobileLogin" finished-at="2025-03-17T00:16:00 IST" duration-ms="1" status="PASS">
          <reporter-output>
          </reporter-output>
        </test-method> <!-- homeLoanMobileLogin -->
        <test-method signature="homeLoanwebLogn()[pri:0, instance:Test.testFour@45c7e403]" started-at="2025-03-17T00:16:00 IST" name="homeLoanwebLogn" finished-at="2025-03-17T00:16:00 IST" duration-ms="2" status="PASS">
          <reporter-output>
          </reporter-output>
        </test-method> <!-- homeLoanwebLogn -->
      </class> <!-- Test.testFour -->
    </test> <!-- Home Loan -->
  </suite> <!-- Suite -->
</testng-results>
