<?xml version="1.0" encoding="UTF-8"?>
<!-- Generated by org.testng.reporters.JUnitXMLReporter -->
<testsuite ignored="0" hostname="Shubham" failures="1" tests="9" name="Car Loan" time="0.144" errors="0" timestamp="2025-03-17T00:16:00 IST">
  <testcase classname="Test.testOne" name="test" time="0.021">
    <failure type="java.lang.AssertionError" message="expected [true] but found [false]">
      <![CDATA[java.lang.AssertionError: expected [true] but found [false]
at Test.testOne.test(testOne.java:10)
at java.base/java.util.ArrayList.forEach(ArrayList.java:1596)
... Removed 29 stack frames]]>
    </failure>
  </testcase> <!-- test -->
  <testcase classname="Test.testTwo" name="carLoan" time="0.005"/>
  <testcase classname="Test.testTwo" name="carLoan" time="0.001"/>
  <testcase classname="Test.testTwo" name="carLoan" time="0.001"/>
  <testcase classname="Test.testTwo" name="groupTest" time="0.002"/>
  <testcase classname="Test.testTwo" name="adependentTest" time="0.002"/>
  <testcase classname="Test.testThree" name="carLoanApiLogin" time="0.005"/>
  <testcase classname="Test.testThree" name="carLoanMobileLogin" time="0.001"/>
  <testcase classname="Test.testThree" name="carLoanWebLogin" time="0.002"/>
</testsuite> <!-- Car Loan -->
